<?xml version="1.0" encoding="utf-8"?>
<CoverageSession>
    <Summary numSequencePoints="279" visitedSequencePoints="250" numBranchPoints="46" visitedBranchPoints="40"
             sequenceCoverage="89.6" branchCoverage="86.95" maxCyclomaticComplexity="100" minCyclomaticComplexity="100"
             visitedClasses="8" numClasses="8" visitedMethods="64" numMethods="72"/>
    <Modules>
        <Module hash="01A5C065-19AE-4639-B6F8-51B3FDA886E8">
            <ModulePath>JobSeeker.Domain.dll</ModulePath>
            <ModuleTime>2020-11-16T12:35:45</ModuleTime>
            <ModuleName>JobSeeker.Domain</ModuleName>
            <Files>
                <File uid="1"
                      fullPath="/home/liso/Documents/workspaces/dotnet/JobSeeker/JobSeeker.Domain/Application.cs"/>
                <File uid="2"
                      fullPath="/home/liso/Documents/workspaces/dotnet/JobSeeker/JobSeeker.Domain/Candidate.cs"/>
                <File uid="3"
                      fullPath="/home/liso/Documents/workspaces/dotnet/JobSeeker/JobSeeker.Domain/CandidateException.cs"/>
                <File uid="4"
                      fullPath="/home/liso/Documents/workspaces/dotnet/JobSeeker/JobSeeker.Domain/HumanResourcesAgency.cs"/>
                <File uid="5"
                      fullPath="/home/liso/Documents/workspaces/dotnet/JobSeeker/JobSeeker.Domain/HumanResourcesAgencyException.cs"/>
                <File uid="6"
                      fullPath="/home/liso/Documents/workspaces/dotnet/JobSeeker/JobSeeker.Domain/JobApplicationException.cs"/>
                <File uid="7" fullPath="/home/liso/Documents/workspaces/dotnet/JobSeeker/JobSeeker.Domain/User.cs"/>
            </Files>
            <Classes>
                <Class>
                    <Summary numSequencePoints="66" visitedSequencePoints="56" numBranchPoints="20"
                             visitedBranchPoints="14" sequenceCoverage="84.84" branchCoverage="70"
                             maxCyclomaticComplexity="6" minCyclomaticComplexity="1" visitedClasses="1" numClasses="1"
                             visitedMethods="14" numMethods="16"/>
                    <FullName>JobSeeker.Domain.Application</FullName>
                    <Methods>
                        <Method cyclomaticComplexity="1" nPathComplexity="0" sequenceCoverage="100" branchCoverage="100"
                                isConstructor="False" isGetter="True" isSetter="False" isStatic="True">
                            <Summary numSequencePoints="1" visitedSequencePoints="1" numBranchPoints="0"
                                     visitedBranchPoints="0" sequenceCoverage="100" branchCoverage="100"
                                     maxCyclomaticComplexity="1" minCyclomaticComplexity="1" visitedClasses="0"
                                     numClasses="0" visitedMethods="1" numMethods="1"/>
                            <MetadataToken/>
                            <Name>System.String JobSeeker.Domain.Application::get_Company()</Name>
                            <FileRef uid="1"/>
                            <SequencePoints>
                                <SequencePoint vc="32" uspid="31" ordinal="0" sl="31" sc="1" el="31" ec="2" bec="0"
                                               bev="0" fileid="1"/>
                            </SequencePoints>
                            <BranchPoints/>
                            <MethodPoint xmlns:p8="xsi" vc="1" uspid="0" p8:type="SequencePoint" ordinal="0" offset="0" sc="0"
                                         sl="31" ec="1" el="31" bec="0" bev="0" fileid="1"/>
                        </Method>
                        <Method cyclomaticComplexity="6" nPathComplexity="0" sequenceCoverage="66.66"
                                branchCoverage="50" isConstructor="False" isGetter="False" isSetter="False"
                                isStatic="True">
                            <Summary numSequencePoints="6" visitedSequencePoints="4" numBranchPoints="6"
                                     visitedBranchPoints="3" sequenceCoverage="66.66" branchCoverage="50"
                                     maxCyclomaticComplexity="6" minCyclomaticComplexity="6" visitedClasses="0"
                                     numClasses="0" visitedMethods="1" numMethods="1"/>
                            <MetadataToken/>
                            <Name>System.Boolean JobSeeker.Domain.Application::Equals(JobSeeker.Domain.Application)
                            </Name>
                            <FileRef uid="1"/>
                            <SequencePoints>
                                <SequencePoint vc="3" uspid="34" ordinal="0" sl="34" sc="1" el="34" ec="2" bec="0"
                                               bev="0" fileid="1"/>
                                <SequencePoint vc="0" uspid="35" ordinal="1" sl="35" sc="1" el="35" ec="2" bec="2"
                                               bev="1" fileid="1"/>
                                <SequencePoint vc="0" uspid="36" ordinal="2" sl="36" sc="1" el="36" ec="2" bec="2"
                                               bev="1" fileid="1"/>
                                <SequencePoint vc="3" uspid="37" ordinal="3" sl="37" sc="1" el="37" ec="2" bec="2"
                                               bev="1" fileid="1"/>
                                <SequencePoint vc="3" uspid="38" ordinal="4" sl="38" sc="1" el="38" ec="2" bec="0"
                                               bev="0" fileid="1"/>
                                <SequencePoint vc="3" uspid="39" ordinal="5" sl="39" sc="1" el="39" ec="2" bec="0"
                                               bev="0" fileid="1"/>
                            </SequencePoints>
                            <BranchPoints>
                                <BranchPoint vc="0" uspid="35" ordinal="0" path="0" offset="7" offsetend="9" sl="35"
                                             fileid="1"/>
                                <BranchPoint vc="3" uspid="35" ordinal="1" path="1" offset="7" offsetend="13" sl="35"
                                             fileid="1"/>
                                <BranchPoint vc="0" uspid="36" ordinal="2" path="0" offset="19" offsetend="21" sl="36"
                                             fileid="1"/>
                                <BranchPoint vc="3" uspid="36" ordinal="3" path="1" offset="19" offsetend="25" sl="36"
                                             fileid="1"/>
                                <BranchPoint vc="3" uspid="37" ordinal="4" path="0" offset="43" offsetend="45" sl="37"
                                             fileid="1"/>
                                <BranchPoint vc="0" uspid="37" ordinal="5" path="1" offset="43" offsetend="65" sl="37"
                                             fileid="1"/>
                            </BranchPoints>
                            <MethodPoint xmlns:p8="xsi" vc="4" uspid="0" p8:type="SequencePoint" ordinal="1" offset="1" sc="0"
                                         sl="34" ec="1" el="39" bec="0" bev="0" fileid="1"/>
                        </Method>
                        <Method cyclomaticComplexity="1" nPathComplexity="0" sequenceCoverage="100" branchCoverage="100"
                                isConstructor="False" isGetter="False" isSetter="False" isStatic="True">
                            <Summary numSequencePoints="3" visitedSequencePoints="3" numBranchPoints="0"
                                     visitedBranchPoints="0" sequenceCoverage="100" branchCoverage="100"
                                     maxCyclomaticComplexity="1" minCyclomaticComplexity="1" visitedClasses="0"
                                     numClasses="0" visitedMethods="1" numMethods="1"/>
                            <MetadataToken/>
                            <Name>JobSeeker.Domain.Application/ApplicationBuilder
                                JobSeeker.Domain.Application::Builder()
                            </Name>
                            <FileRef uid="1"/>
                            <SequencePoints>
                                <SequencePoint vc="25" uspid="42" ordinal="0" sl="42" sc="1" el="42" ec="2" bec="0"
                                               bev="0" fileid="1"/>
                                <SequencePoint vc="25" uspid="43" ordinal="1" sl="43" sc="1" el="43" ec="2" bec="0"
                                               bev="0" fileid="1"/>
                                <SequencePoint vc="25" uspid="44" ordinal="2" sl="44" sc="1" el="44" ec="2" bec="0"
                                               bev="0" fileid="1"/>
                            </SequencePoints>
                            <BranchPoints/>
                            <MethodPoint xmlns:p8="xsi" vc="3" uspid="0" p8:type="SequencePoint" ordinal="2" offset="2" sc="0"
                                         sl="42" ec="1" el="44" bec="0" bev="0" fileid="1"/>
                        </Method>
                        <Method cyclomaticComplexity="1" nPathComplexity="0" sequenceCoverage="100" branchCoverage="100"
                                isConstructor="False" isGetter="False" isSetter="False" isStatic="True">
                            <Summary numSequencePoints="3" visitedSequencePoints="3" numBranchPoints="0"
                                     visitedBranchPoints="0" sequenceCoverage="100" branchCoverage="100"
                                     maxCyclomaticComplexity="1" minCyclomaticComplexity="1" visitedClasses="0"
                                     numClasses="0" visitedMethods="1" numMethods="1"/>
                            <MetadataToken/>
                            <Name>System.Boolean JobSeeker.Domain.Application::HasComments()</Name>
                            <FileRef uid="1"/>
                            <SequencePoints>
                                <SequencePoint vc="6" uspid="47" ordinal="0" sl="47" sc="1" el="47" ec="2" bec="0"
                                               bev="0" fileid="1"/>
                                <SequencePoint vc="6" uspid="48" ordinal="1" sl="48" sc="1" el="48" ec="2" bec="0"
                                               bev="0" fileid="1"/>
                                <SequencePoint vc="6" uspid="49" ordinal="2" sl="49" sc="1" el="49" ec="2" bec="0"
                                               bev="0" fileid="1"/>
                            </SequencePoints>
                            <BranchPoints/>
                            <MethodPoint xmlns:p8="xsi" vc="3" uspid="0" p8:type="SequencePoint" ordinal="3" offset="3" sc="0"
                                         sl="47" ec="1" el="49" bec="0" bev="0" fileid="1"/>
                        </Method>
                        <Method cyclomaticComplexity="1" nPathComplexity="0" sequenceCoverage="100" branchCoverage="100"
                                isConstructor="False" isGetter="False" isSetter="False" isStatic="True">
                            <Summary numSequencePoints="5" visitedSequencePoints="5" numBranchPoints="0"
                                     visitedBranchPoints="0" sequenceCoverage="100" branchCoverage="100"
                                     maxCyclomaticComplexity="1" minCyclomaticComplexity="1" visitedClasses="0"
                                     numClasses="0" visitedMethods="1" numMethods="1"/>
                            <MetadataToken/>
                            <Name>System.Void JobSeeker.Domain.Application::AddComment(System.String,System.DateTime)
                            </Name>
                            <FileRef uid="1"/>
                            <SequencePoints>
                                <SequencePoint vc="9" uspid="52" ordinal="0" sl="52" sc="1" el="52" ec="2" bec="0"
                                               bev="0" fileid="1"/>
                                <SequencePoint vc="9" uspid="53" ordinal="1" sl="53" sc="1" el="53" ec="2" bec="0"
                                               bev="0" fileid="1"/>
                                <SequencePoint vc="8" uspid="54" ordinal="2" sl="54" sc="1" el="54" ec="2" bec="0"
                                               bev="0" fileid="1"/>
                                <SequencePoint vc="7" uspid="56" ordinal="3" sl="56" sc="1" el="56" ec="2" bec="0"
                                               bev="0" fileid="1"/>
                                <SequencePoint vc="7" uspid="57" ordinal="4" sl="57" sc="1" el="57" ec="2" bec="0"
                                               bev="0" fileid="1"/>
                            </SequencePoints>
                            <BranchPoints/>
                            <MethodPoint xmlns:p8="xsi" vc="5" uspid="0" p8:type="SequencePoint" ordinal="4" offset="4" sc="0"
                                         sl="52" ec="1" el="57" bec="0" bev="0" fileid="1"/>
                        </Method>
                        <Method cyclomaticComplexity="4" nPathComplexity="0" sequenceCoverage="100" branchCoverage="100"
                                isConstructor="False" isGetter="False" isSetter="False" isStatic="True">
                            <Summary numSequencePoints="5" visitedSequencePoints="5" numBranchPoints="4"
                                     visitedBranchPoints="4" sequenceCoverage="100" branchCoverage="100"
                                     maxCyclomaticComplexity="4" minCyclomaticComplexity="4" visitedClasses="0"
                                     numClasses="0" visitedMethods="1" numMethods="1"/>
                            <MetadataToken/>
                            <Name>System.Void
                                JobSeeker.Domain.Application::AssertCommentIsNotBeforeTheLastOne(System.DateTime)
                            </Name>
                            <FileRef uid="1"/>
                            <SequencePoints>
                                <SequencePoint vc="8" uspid="60" ordinal="0" sl="60" sc="1" el="60" ec="2" bec="0"
                                               bev="0" fileid="1"/>
                                <SequencePoint vc="8" uspid="61" ordinal="1" sl="61" sc="1" el="61" ec="2" bec="4"
                                               bev="4" fileid="1"/>
                                <SequencePoint vc="1" uspid="62" ordinal="2" sl="62" sc="1" el="62" ec="2" bec="0"
                                               bev="0" fileid="1"/>
                                <SequencePoint vc="1" uspid="63" ordinal="3" sl="63" sc="1" el="63" ec="2" bec="0"
                                               bev="0" fileid="1"/>
                                <SequencePoint vc="7" uspid="65" ordinal="4" sl="65" sc="1" el="65" ec="2" bec="0"
                                               bev="0" fileid="1"/>
                            </SequencePoints>
                            <BranchPoints>
                                <BranchPoint vc="3" uspid="61" ordinal="0" path="0" offset="13" offsetend="15" sl="61"
                                             fileid="1"/>
                                <BranchPoint vc="5" uspid="61" ordinal="1" path="1" offset="13" offsetend="42" sl="61"
                                             fileid="1"/>
                                <BranchPoint vc="1" uspid="61" ordinal="2" path="0" offset="45" offsetend="47" sl="61"
                                             fileid="1"/>
                                <BranchPoint vc="7" uspid="61" ordinal="3" path="1" offset="45" offsetend="59" sl="61"
                                             fileid="1"/>
                            </BranchPoints>
                            <MethodPoint xmlns:p8="xsi" vc="5" uspid="0" p8:type="SequencePoint" ordinal="5" offset="5" sc="0"
                                         sl="60" ec="1" el="65" bec="0" bev="0" fileid="1"/>
                        </Method>
                        <Method cyclomaticComplexity="2" nPathComplexity="0" sequenceCoverage="100" branchCoverage="100"
                                isConstructor="False" isGetter="False" isSetter="False" isStatic="True">
                            <Summary numSequencePoints="7" visitedSequencePoints="7" numBranchPoints="2"
                                     visitedBranchPoints="2" sequenceCoverage="100" branchCoverage="100"
                                     maxCyclomaticComplexity="2" minCyclomaticComplexity="2" visitedClasses="0"
                                     numClasses="0" visitedMethods="1" numMethods="1"/>
                            <MetadataToken/>
                            <Name>System.Void
                                JobSeeker.Domain.Application::AddCommentToDate(System.String,System.DateTime)
                            </Name>
                            <FileRef uid="1"/>
                            <SequencePoints>
                                <SequencePoint vc="7" uspid="68" ordinal="0" sl="68" sc="1" el="68" ec="2" bec="0"
                                               bev="0" fileid="1"/>
                                <SequencePoint vc="7" uspid="69" ordinal="1" sl="69" sc="1" el="69" ec="2" bec="0"
                                               bev="0" fileid="1"/>
                                <SequencePoint vc="7" uspid="70" ordinal="2" sl="70" sc="1" el="70" ec="2" bec="2"
                                               bev="2" fileid="1"/>
                                <SequencePoint vc="1" uspid="71" ordinal="3" sl="71" sc="1" el="71" ec="2" bec="0"
                                               bev="0" fileid="1"/>
                                <SequencePoint vc="1" uspid="72" ordinal="4" sl="72" sc="1" el="72" ec="2" bec="0"
                                               bev="0" fileid="1"/>
                                <SequencePoint vc="1" uspid="73" ordinal="5" sl="73" sc="1" el="73" ec="2" bec="0"
                                               bev="0" fileid="1"/>
                                <SequencePoint vc="7" uspid="74" ordinal="6" sl="74" sc="1" el="74" ec="2" bec="0"
                                               bev="0" fileid="1"/>
                            </SequencePoints>
                            <BranchPoints>
                                <BranchPoint vc="1" uspid="70" ordinal="0" path="0" offset="33" offsetend="35" sl="70"
                                             fileid="1"/>
                                <BranchPoint vc="7" uspid="70" ordinal="1" path="1" offset="33" offsetend="56" sl="70"
                                             fileid="1"/>
                            </BranchPoints>
                            <MethodPoint xmlns:p8="xsi" vc="7" uspid="0" p8:type="SequencePoint" ordinal="6" offset="6" sc="0"
                                         sl="68" ec="1" el="74" bec="0" bev="0" fileid="1"/>
                        </Method>
                        <Method cyclomaticComplexity="2" nPathComplexity="0" sequenceCoverage="100" branchCoverage="100"
                                isConstructor="False" isGetter="False" isSetter="False" isStatic="True">
                            <Summary numSequencePoints="5" visitedSequencePoints="5" numBranchPoints="2"
                                     visitedBranchPoints="2" sequenceCoverage="100" branchCoverage="100"
                                     maxCyclomaticComplexity="2" minCyclomaticComplexity="2" visitedClasses="0"
                                     numClasses="0" visitedMethods="1" numMethods="1"/>
                            <MetadataToken/>
                            <Name>System.Void
                                JobSeeker.Domain.Application::AssertCommentIsNotBeforeApplicationDate(System.DateTime&amp;)
                            </Name>
                            <FileRef uid="1"/>
                            <SequencePoints>
                                <SequencePoint vc="9" uspid="77" ordinal="0" sl="77" sc="1" el="77" ec="2" bec="0"
                                               bev="0" fileid="1"/>
                                <SequencePoint vc="9" uspid="78" ordinal="1" sl="78" sc="1" el="78" ec="2" bec="2"
                                               bev="2" fileid="1"/>
                                <SequencePoint vc="1" uspid="79" ordinal="2" sl="79" sc="1" el="79" ec="2" bec="0"
                                               bev="0" fileid="1"/>
                                <SequencePoint vc="1" uspid="80" ordinal="3" sl="80" sc="1" el="80" ec="2" bec="0"
                                               bev="0" fileid="1"/>
                                <SequencePoint vc="8" uspid="82" ordinal="4" sl="82" sc="1" el="82" ec="2" bec="0"
                                               bev="0" fileid="1"/>
                            </SequencePoints>
                            <BranchPoints>
                                <BranchPoint vc="1" uspid="78" ordinal="0" path="0" offset="26" offsetend="28" sl="78"
                                             fileid="1"/>
                                <BranchPoint vc="8" uspid="78" ordinal="1" path="1" offset="26" offsetend="40" sl="78"
                                             fileid="1"/>
                            </BranchPoints>
                            <MethodPoint xmlns:p8="xsi" vc="5" uspid="0" p8:type="SequencePoint" ordinal="7" offset="7" sc="0"
                                         sl="77" ec="1" el="82" bec="0" bev="0" fileid="1"/>
                        </Method>
                        <Method cyclomaticComplexity="1" nPathComplexity="0" sequenceCoverage="100" branchCoverage="100"
                                isConstructor="False" isGetter="False" isSetter="False" isStatic="True">
                            <Summary numSequencePoints="3" visitedSequencePoints="3" numBranchPoints="0"
                                     visitedBranchPoints="0" sequenceCoverage="100" branchCoverage="100"
                                     maxCyclomaticComplexity="1" minCyclomaticComplexity="1" visitedClasses="0"
                                     numClasses="0" visitedMethods="1" numMethods="1"/>
                            <MetadataToken/>
                            <Name>System.Int32 JobSeeker.Domain.Application::NumberOfComments()</Name>
                            <FileRef uid="1"/>
                            <SequencePoints>
                                <SequencePoint vc="5" uspid="85" ordinal="0" sl="85" sc="1" el="85" ec="2" bec="0"
                                               bev="0" fileid="1"/>
                                <SequencePoint vc="10" uspid="86" ordinal="1" sl="86" sc="1" el="86" ec="2" bec="0"
                                               bev="0" fileid="1"/>
                                <SequencePoint vc="5" uspid="87" ordinal="2" sl="87" sc="1" el="87" ec="2" bec="0"
                                               bev="0" fileid="1"/>
                            </SequencePoints>
                            <BranchPoints/>
                            <MethodPoint xmlns:p8="xsi" vc="3" uspid="0" p8:type="SequencePoint" ordinal="8" offset="8" sc="0"
                                         sl="85" ec="1" el="87" bec="0" bev="0" fileid="1"/>
                        </Method>
                        <Method cyclomaticComplexity="6" nPathComplexity="0" sequenceCoverage="60" branchCoverage="50"
                                isConstructor="False" isGetter="False" isSetter="False" isStatic="True">
                            <Summary numSequencePoints="5" visitedSequencePoints="3" numBranchPoints="6"
                                     visitedBranchPoints="3" sequenceCoverage="60" branchCoverage="50"
                                     maxCyclomaticComplexity="6" minCyclomaticComplexity="6" visitedClasses="0"
                                     numClasses="0" visitedMethods="1" numMethods="1"/>
                            <MetadataToken/>
                            <Name>System.Boolean JobSeeker.Domain.Application::Equals(System.Object)</Name>
                            <FileRef uid="1"/>
                            <SequencePoints>
                                <SequencePoint vc="2" uspid="90" ordinal="0" sl="90" sc="1" el="90" ec="2" bec="0"
                                               bev="0" fileid="1"/>
                                <SequencePoint vc="0" uspid="91" ordinal="1" sl="91" sc="1" el="91" ec="2" bec="2"
                                               bev="1" fileid="1"/>
                                <SequencePoint vc="0" uspid="92" ordinal="2" sl="92" sc="1" el="92" ec="2" bec="2"
                                               bev="1" fileid="1"/>
                                <SequencePoint vc="2" uspid="93" ordinal="3" sl="93" sc="1" el="93" ec="2" bec="2"
                                               bev="1" fileid="1"/>
                                <SequencePoint vc="2" uspid="94" ordinal="4" sl="94" sc="1" el="94" ec="2" bec="0"
                                               bev="0" fileid="1"/>
                            </SequencePoints>
                            <BranchPoints>
                                <BranchPoint vc="0" uspid="91" ordinal="0" path="0" offset="7" offsetend="9" sl="91"
                                             fileid="1"/>
                                <BranchPoint vc="2" uspid="91" ordinal="1" path="1" offset="7" offsetend="13" sl="91"
                                             fileid="1"/>
                                <BranchPoint vc="0" uspid="92" ordinal="2" path="0" offset="19" offsetend="21" sl="92"
                                             fileid="1"/>
                                <BranchPoint vc="2" uspid="92" ordinal="3" path="1" offset="19" offsetend="25" sl="92"
                                             fileid="1"/>
                                <BranchPoint vc="2" uspid="93" ordinal="4" path="0" offset="42" offsetend="44" sl="93"
                                             fileid="1"/>
                                <BranchPoint vc="0" uspid="93" ordinal="5" path="1" offset="42" offsetend="58" sl="93"
                                             fileid="1"/>
                            </BranchPoints>
                            <MethodPoint xmlns:p8="xsi" vc="3" uspid="0" p8:type="SequencePoint" ordinal="9" offset="9" sc="0"
                                         sl="90" ec="1" el="94" bec="0" bev="0" fileid="1"/>
                        </Method>
                        <Method cyclomaticComplexity="1" nPathComplexity="0" sequenceCoverage="100" branchCoverage="100"
                                isConstructor="False" isGetter="False" isSetter="False" isStatic="True">
                            <Summary numSequencePoints="3" visitedSequencePoints="3" numBranchPoints="0"
                                     visitedBranchPoints="0" sequenceCoverage="100" branchCoverage="100"
                                     maxCyclomaticComplexity="1" minCyclomaticComplexity="1" visitedClasses="0"
                                     numClasses="0" visitedMethods="1" numMethods="1"/>
                            <MetadataToken/>
                            <Name>System.Int32 JobSeeker.Domain.Application::GetHashCode()</Name>
                            <FileRef uid="1"/>
                            <SequencePoints>
                                <SequencePoint vc="13" uspid="97" ordinal="0" sl="97" sc="1" el="97" ec="2" bec="0"
                                               bev="0" fileid="1"/>
                                <SequencePoint vc="13" uspid="98" ordinal="1" sl="98" sc="1" el="98" ec="2" bec="0"
                                               bev="0" fileid="1"/>
                                <SequencePoint vc="13" uspid="99" ordinal="2" sl="99" sc="1" el="99" ec="2" bec="0"
                                               bev="0" fileid="1"/>
                            </SequencePoints>
                            <BranchPoints/>
                            <MethodPoint xmlns:p8="xsi" vc="3" uspid="0" p8:type="SequencePoint" ordinal="10" offset="10"
                                         sc="0" sl="97" ec="1" el="99" bec="0" bev="0" fileid="1"/>
                        </Method>
                        <Method cyclomaticComplexity="1" nPathComplexity="0" sequenceCoverage="0" branchCoverage="100"
                                isConstructor="False" isGetter="False" isSetter="False" isStatic="True">
                            <Summary numSequencePoints="3" visitedSequencePoints="0" numBranchPoints="0"
                                     visitedBranchPoints="0" sequenceCoverage="0" branchCoverage="100"
                                     maxCyclomaticComplexity="1" minCyclomaticComplexity="1" visitedClasses="0"
                                     numClasses="0" visitedMethods="0" numMethods="1"/>
                            <MetadataToken/>
                            <Name>System.Boolean
                                JobSeeker.Domain.Application::op_Equality(JobSeeker.Domain.Application,JobSeeker.Domain.Application)
                            </Name>
                            <FileRef uid="1"/>
                            <SequencePoints>
                                <SequencePoint vc="0" uspid="102" ordinal="0" sl="102" sc="1" el="102" ec="2" bec="0"
                                               bev="0" fileid="1"/>
                                <SequencePoint vc="0" uspid="103" ordinal="1" sl="103" sc="1" el="103" ec="2" bec="0"
                                               bev="0" fileid="1"/>
                                <SequencePoint vc="0" uspid="104" ordinal="2" sl="104" sc="1" el="104" ec="2" bec="0"
                                               bev="0" fileid="1"/>
                            </SequencePoints>
                            <BranchPoints/>
                            <MethodPoint xmlns:p8="xsi" vc="0" uspid="0" p8:type="SequencePoint" ordinal="11" offset="11"
                                         sc="0" sl="102" ec="1" el="104" bec="0" bev="0" fileid="1"/>
                        </Method>
                        <Method cyclomaticComplexity="1" nPathComplexity="0" sequenceCoverage="0" branchCoverage="100"
                                isConstructor="False" isGetter="False" isSetter="False" isStatic="True">
                            <Summary numSequencePoints="3" visitedSequencePoints="0" numBranchPoints="0"
                                     visitedBranchPoints="0" sequenceCoverage="0" branchCoverage="100"
                                     maxCyclomaticComplexity="1" minCyclomaticComplexity="1" visitedClasses="0"
                                     numClasses="0" visitedMethods="0" numMethods="1"/>
                            <MetadataToken/>
                            <Name>System.Boolean
                                JobSeeker.Domain.Application::op_Inequality(JobSeeker.Domain.Application,JobSeeker.Domain.Application)
                            </Name>
                            <FileRef uid="1"/>
                            <SequencePoints>
                                <SequencePoint vc="0" uspid="107" ordinal="0" sl="107" sc="1" el="107" ec="2" bec="0"
                                               bev="0" fileid="1"/>
                                <SequencePoint vc="0" uspid="108" ordinal="1" sl="108" sc="1" el="108" ec="2" bec="0"
                                               bev="0" fileid="1"/>
                                <SequencePoint vc="0" uspid="109" ordinal="2" sl="109" sc="1" el="109" ec="2" bec="0"
                                               bev="0" fileid="1"/>
                            </SequencePoints>
                            <BranchPoints/>
                            <MethodPoint xmlns:p8="xsi" vc="0" uspid="0" p8:type="SequencePoint" ordinal="12" offset="12"
                                         sc="0" sl="107" ec="1" el="109" bec="0" bev="0" fileid="1"/>
                        </Method>
                        <Method cyclomaticComplexity="1" nPathComplexity="0" sequenceCoverage="100" branchCoverage="100"
                                isConstructor="False" isGetter="False" isSetter="False" isStatic="True">
                            <Summary numSequencePoints="3" visitedSequencePoints="3" numBranchPoints="0"
                                     visitedBranchPoints="0" sequenceCoverage="100" branchCoverage="100"
                                     maxCyclomaticComplexity="1" minCyclomaticComplexity="1" visitedClasses="0"
                                     numClasses="0" visitedMethods="1" numMethods="1"/>
                            <MetadataToken/>
                            <Name>System.Boolean JobSeeker.Domain.Application::HasPosition(System.String)</Name>
                            <FileRef uid="1"/>
                            <SequencePoints>
                                <SequencePoint vc="20" uspid="112" ordinal="0" sl="112" sc="1" el="112" ec="2" bec="0"
                                               bev="0" fileid="1"/>
                                <SequencePoint vc="20" uspid="113" ordinal="1" sl="113" sc="1" el="113" ec="2" bec="0"
                                               bev="0" fileid="1"/>
                                <SequencePoint vc="20" uspid="114" ordinal="2" sl="114" sc="1" el="114" ec="2" bec="0"
                                               bev="0" fileid="1"/>
                            </SequencePoints>
                            <BranchPoints/>
                            <MethodPoint xmlns:p8="xsi" vc="3" uspid="0" p8:type="SequencePoint" ordinal="13" offset="13"
                                         sc="0" sl="112" ec="1" el="114" bec="0" bev="0" fileid="1"/>
                        </Method>
                        <Method cyclomaticComplexity="1" nPathComplexity="0" sequenceCoverage="100" branchCoverage="100"
                                isConstructor="False" isGetter="False" isSetter="False" isStatic="True">
                            <Summary numSequencePoints="3" visitedSequencePoints="3" numBranchPoints="0"
                                     visitedBranchPoints="0" sequenceCoverage="100" branchCoverage="100"
                                     maxCyclomaticComplexity="1" minCyclomaticComplexity="1" visitedClasses="0"
                                     numClasses="0" visitedMethods="1" numMethods="1"/>
                            <MetadataToken/>
                            <Name>System.Boolean JobSeeker.Domain.Application::HasComment(System.String)</Name>
                            <FileRef uid="1"/>
                            <SequencePoints>
                                <SequencePoint vc="2" uspid="117" ordinal="0" sl="117" sc="1" el="117" ec="2" bec="0"
                                               bev="0" fileid="1"/>
                                <SequencePoint vc="3" uspid="118" ordinal="1" sl="118" sc="1" el="118" ec="2" bec="0"
                                               bev="0" fileid="1"/>
                                <SequencePoint vc="2" uspid="119" ordinal="2" sl="119" sc="1" el="119" ec="2" bec="0"
                                               bev="0" fileid="1"/>
                            </SequencePoints>
                            <BranchPoints/>
                            <MethodPoint xmlns:p8="xsi" vc="3" uspid="0" p8:type="SequencePoint" ordinal="14" offset="14"
                                         sc="0" sl="117" ec="1" el="119" bec="0" bev="0" fileid="1"/>
                        </Method>
                        <Method cyclomaticComplexity="1" nPathComplexity="0" sequenceCoverage="100" branchCoverage="100"
                                isConstructor="True" isGetter="False" isSetter="False" isStatic="True">
                            <Summary numSequencePoints="8" visitedSequencePoints="8" numBranchPoints="0"
                                     visitedBranchPoints="0" sequenceCoverage="100" branchCoverage="100"
                                     maxCyclomaticComplexity="1" minCyclomaticComplexity="1" visitedClasses="0"
                                     numClasses="0" visitedMethods="1" numMethods="1"/>
                            <MetadataToken/>
                            <Name>System.Void
                                JobSeeker.Domain.Application::.ctor(JobSeeker.Domain.Application/ApplicationBuilder)
                            </Name>
                            <FileRef uid="1"/>
                            <SequencePoints>
                                <SequencePoint vc="23" uspid="22" ordinal="0" sl="22" sc="1" el="22" ec="2" bec="0"
                                               bev="0" fileid="1"/>
                                <SequencePoint vc="23" uspid="23" ordinal="1" sl="23" sc="1" el="23" ec="2" bec="0"
                                               bev="0" fileid="1"/>
                                <SequencePoint vc="23" uspid="24" ordinal="2" sl="24" sc="1" el="24" ec="2" bec="0"
                                               bev="0" fileid="1"/>
                                <SequencePoint vc="23" uspid="25" ordinal="3" sl="25" sc="1" el="25" ec="2" bec="0"
                                               bev="0" fileid="1"/>
                                <SequencePoint vc="23" uspid="26" ordinal="4" sl="26" sc="1" el="26" ec="2" bec="0"
                                               bev="0" fileid="1"/>
                                <SequencePoint vc="23" uspid="27" ordinal="5" sl="27" sc="1" el="27" ec="2" bec="0"
                                               bev="0" fileid="1"/>
                                <SequencePoint vc="23" uspid="28" ordinal="6" sl="28" sc="1" el="28" ec="2" bec="0"
                                               bev="0" fileid="1"/>
                                <SequencePoint vc="23" uspid="29" ordinal="7" sl="29" sc="1" el="29" ec="2" bec="0"
                                               bev="0" fileid="1"/>
                            </SequencePoints>
                            <BranchPoints/>
                            <MethodPoint xmlns:p8="xsi" vc="8" uspid="0" p8:type="SequencePoint" ordinal="15" offset="15"
                                         sc="0" sl="22" ec="1" el="29" bec="0" bev="0" fileid="1"/>
                        </Method>
                    </Methods>
                </Class>
                <Class>
                    <Summary numSequencePoints="38" visitedSequencePoints="38" numBranchPoints="4"
                             visitedBranchPoints="4" sequenceCoverage="100" branchCoverage="100"
                             maxCyclomaticComplexity="2" minCyclomaticComplexity="1" visitedClasses="1" numClasses="1"
                             visitedMethods="12" numMethods="12"/>
                    <FullName>JobSeeker.Domain.Application/ApplicationBuilder</FullName>
                    <Methods>
                        <Method cyclomaticComplexity="1" nPathComplexity="0" sequenceCoverage="100" branchCoverage="100"
                                isConstructor="False" isGetter="True" isSetter="False" isStatic="True">
                            <Summary numSequencePoints="1" visitedSequencePoints="1" numBranchPoints="0"
                                     visitedBranchPoints="0" sequenceCoverage="100" branchCoverage="100"
                                     maxCyclomaticComplexity="1" minCyclomaticComplexity="1" visitedClasses="0"
                                     numClasses="0" visitedMethods="1" numMethods="1"/>
                            <MetadataToken/>
                            <Name>System.String JobSeeker.Domain.Application/ApplicationBuilder::get_Position()</Name>
                            <FileRef uid="1"/>
                            <SequencePoints>
                                <SequencePoint vc="98" uspid="127" ordinal="0" sl="127" sc="1" el="127" ec="2" bec="0"
                                               bev="0" fileid="1"/>
                            </SequencePoints>
                            <BranchPoints/>
                            <MethodPoint xmlns:p8="xsi" vc="1" uspid="0" p8:type="SequencePoint" ordinal="0" offset="0" sc="0"
                                         sl="127" ec="1" el="127" bec="0" bev="0" fileid="1"/>
                        </Method>
                        <Method cyclomaticComplexity="1" nPathComplexity="0" sequenceCoverage="100" branchCoverage="100"
                                isConstructor="False" isGetter="True" isSetter="False" isStatic="True">
                            <Summary numSequencePoints="1" visitedSequencePoints="1" numBranchPoints="0"
                                     visitedBranchPoints="0" sequenceCoverage="100" branchCoverage="100"
                                     maxCyclomaticComplexity="1" minCyclomaticComplexity="1" visitedClasses="0"
                                     numClasses="0" visitedMethods="1" numMethods="1"/>
                            <MetadataToken/>
                            <Name>System.String JobSeeker.Domain.Application/ApplicationBuilder::get_Company()</Name>
                            <FileRef uid="1"/>
                            <SequencePoints>
                                <SequencePoint vc="97" uspid="128" ordinal="0" sl="128" sc="1" el="128" ec="2" bec="0"
                                               bev="0" fileid="1"/>
                            </SequencePoints>
                            <BranchPoints/>
                            <MethodPoint xmlns:p8="xsi" vc="1" uspid="0" p8:type="SequencePoint" ordinal="1" offset="1" sc="0"
                                         sl="128" ec="1" el="128" bec="0" bev="0" fileid="1"/>
                        </Method>
                        <Method cyclomaticComplexity="1" nPathComplexity="0" sequenceCoverage="100" branchCoverage="100"
                                isConstructor="False" isGetter="True" isSetter="False" isStatic="True">
                            <Summary numSequencePoints="1" visitedSequencePoints="1" numBranchPoints="0"
                                     visitedBranchPoints="0" sequenceCoverage="100" branchCoverage="100"
                                     maxCyclomaticComplexity="1" minCyclomaticComplexity="1" visitedClasses="0"
                                     numClasses="0" visitedMethods="1" numMethods="1"/>
                            <MetadataToken/>
                            <Name>System.DateTime JobSeeker.Domain.Application/ApplicationBuilder::get_Date()</Name>
                            <FileRef uid="1"/>
                            <SequencePoints>
                                <SequencePoint vc="73" uspid="129" ordinal="0" sl="129" sc="1" el="129" ec="2" bec="0"
                                               bev="0" fileid="1"/>
                            </SequencePoints>
                            <BranchPoints/>
                            <MethodPoint xmlns:p8="xsi" vc="1" uspid="0" p8:type="SequencePoint" ordinal="2" offset="2" sc="0"
                                         sl="129" ec="1" el="129" bec="0" bev="0" fileid="1"/>
                        </Method>
                        <Method cyclomaticComplexity="1" nPathComplexity="0" sequenceCoverage="100" branchCoverage="100"
                                isConstructor="False" isGetter="True" isSetter="False" isStatic="True">
                            <Summary numSequencePoints="1" visitedSequencePoints="1" numBranchPoints="0"
                                     visitedBranchPoints="0" sequenceCoverage="100" branchCoverage="100"
                                     maxCyclomaticComplexity="1" minCyclomaticComplexity="1" visitedClasses="0"
                                     numClasses="0" visitedMethods="1" numMethods="1"/>
                            <MetadataToken/>
                            <Name>System.String JobSeeker.Domain.Application/ApplicationBuilder::get_Description()
                            </Name>
                            <FileRef uid="1"/>
                            <SequencePoints>
                                <SequencePoint vc="73" uspid="130" ordinal="0" sl="130" sc="1" el="130" ec="2" bec="0"
                                               bev="0" fileid="1"/>
                            </SequencePoints>
                            <BranchPoints/>
                            <MethodPoint xmlns:p8="xsi" vc="1" uspid="0" p8:type="SequencePoint" ordinal="3" offset="3" sc="0"
                                         sl="130" ec="1" el="130" bec="0" bev="0" fileid="1"/>
                        </Method>
                        <Method cyclomaticComplexity="1" nPathComplexity="0" sequenceCoverage="100" branchCoverage="100"
                                isConstructor="False" isGetter="False" isSetter="False" isStatic="True">
                            <Summary numSequencePoints="4" visitedSequencePoints="4" numBranchPoints="0"
                                     visitedBranchPoints="0" sequenceCoverage="100" branchCoverage="100"
                                     maxCyclomaticComplexity="1" minCyclomaticComplexity="1" visitedClasses="0"
                                     numClasses="0" visitedMethods="1" numMethods="1"/>
                            <MetadataToken/>
                            <Name>JobSeeker.Domain.Application/ApplicationBuilder
                                JobSeeker.Domain.Application/ApplicationBuilder::WithPosition(System.String)
                            </Name>
                            <FileRef uid="1"/>
                            <SequencePoints>
                                <SequencePoint vc="25" uspid="133" ordinal="0" sl="133" sc="1" el="133" ec="2" bec="0"
                                               bev="0" fileid="1"/>
                                <SequencePoint vc="25" uspid="134" ordinal="1" sl="134" sc="1" el="134" ec="2" bec="0"
                                               bev="0" fileid="1"/>
                                <SequencePoint vc="25" uspid="135" ordinal="2" sl="135" sc="1" el="135" ec="2" bec="0"
                                               bev="0" fileid="1"/>
                                <SequencePoint vc="25" uspid="136" ordinal="3" sl="136" sc="1" el="136" ec="2" bec="0"
                                               bev="0" fileid="1"/>
                            </SequencePoints>
                            <BranchPoints/>
                            <MethodPoint xmlns:p8="xsi" vc="4" uspid="0" p8:type="SequencePoint" ordinal="4" offset="4" sc="0"
                                         sl="133" ec="1" el="136" bec="0" bev="0" fileid="1"/>
                        </Method>
                        <Method cyclomaticComplexity="1" nPathComplexity="0" sequenceCoverage="100" branchCoverage="100"
                                isConstructor="False" isGetter="False" isSetter="False" isStatic="True">
                            <Summary numSequencePoints="4" visitedSequencePoints="4" numBranchPoints="0"
                                     visitedBranchPoints="0" sequenceCoverage="100" branchCoverage="100"
                                     maxCyclomaticComplexity="1" minCyclomaticComplexity="1" visitedClasses="0"
                                     numClasses="0" visitedMethods="1" numMethods="1"/>
                            <MetadataToken/>
                            <Name>JobSeeker.Domain.Application/ApplicationBuilder
                                JobSeeker.Domain.Application/ApplicationBuilder::WithCompany(System.String)
                            </Name>
                            <FileRef uid="1"/>
                            <SequencePoints>
                                <SequencePoint vc="25" uspid="139" ordinal="0" sl="139" sc="1" el="139" ec="2" bec="0"
                                               bev="0" fileid="1"/>
                                <SequencePoint vc="25" uspid="140" ordinal="1" sl="140" sc="1" el="140" ec="2" bec="0"
                                               bev="0" fileid="1"/>
                                <SequencePoint vc="25" uspid="141" ordinal="2" sl="141" sc="1" el="141" ec="2" bec="0"
                                               bev="0" fileid="1"/>
                                <SequencePoint vc="25" uspid="142" ordinal="3" sl="142" sc="1" el="142" ec="2" bec="0"
                                               bev="0" fileid="1"/>
                            </SequencePoints>
                            <BranchPoints/>
                            <MethodPoint xmlns:p8="xsi" vc="4" uspid="0" p8:type="SequencePoint" ordinal="5" offset="5" sc="0"
                                         sl="139" ec="1" el="142" bec="0" bev="0" fileid="1"/>
                        </Method>
                        <Method cyclomaticComplexity="1" nPathComplexity="0" sequenceCoverage="100" branchCoverage="100"
                                isConstructor="False" isGetter="False" isSetter="False" isStatic="True">
                            <Summary numSequencePoints="4" visitedSequencePoints="4" numBranchPoints="0"
                                     visitedBranchPoints="0" sequenceCoverage="100" branchCoverage="100"
                                     maxCyclomaticComplexity="1" minCyclomaticComplexity="1" visitedClasses="0"
                                     numClasses="0" visitedMethods="1" numMethods="1"/>
                            <MetadataToken/>
                            <Name>JobSeeker.Domain.Application/ApplicationBuilder
                                JobSeeker.Domain.Application/ApplicationBuilder::WithDate(System.DateTime)
                            </Name>
                            <FileRef uid="1"/>
                            <SequencePoints>
                                <SequencePoint vc="25" uspid="145" ordinal="0" sl="145" sc="1" el="145" ec="2" bec="0"
                                               bev="0" fileid="1"/>
                                <SequencePoint vc="25" uspid="146" ordinal="1" sl="146" sc="1" el="146" ec="2" bec="0"
                                               bev="0" fileid="1"/>
                                <SequencePoint vc="25" uspid="147" ordinal="2" sl="147" sc="1" el="147" ec="2" bec="0"
                                               bev="0" fileid="1"/>
                                <SequencePoint vc="25" uspid="148" ordinal="3" sl="148" sc="1" el="148" ec="2" bec="0"
                                               bev="0" fileid="1"/>
                            </SequencePoints>
                            <BranchPoints/>
                            <MethodPoint xmlns:p8="xsi" vc="4" uspid="0" p8:type="SequencePoint" ordinal="6" offset="6" sc="0"
                                         sl="145" ec="1" el="148" bec="0" bev="0" fileid="1"/>
                        </Method>
                        <Method cyclomaticComplexity="1" nPathComplexity="0" sequenceCoverage="100" branchCoverage="100"
                                isConstructor="False" isGetter="False" isSetter="False" isStatic="True">
                            <Summary numSequencePoints="4" visitedSequencePoints="4" numBranchPoints="0"
                                     visitedBranchPoints="0" sequenceCoverage="100" branchCoverage="100"
                                     maxCyclomaticComplexity="1" minCyclomaticComplexity="1" visitedClasses="0"
                                     numClasses="0" visitedMethods="1" numMethods="1"/>
                            <MetadataToken/>
                            <Name>JobSeeker.Domain.Application/ApplicationBuilder
                                JobSeeker.Domain.Application/ApplicationBuilder::WithDescription(System.String)
                            </Name>
                            <FileRef uid="1"/>
                            <SequencePoints>
                                <SequencePoint vc="25" uspid="151" ordinal="0" sl="151" sc="1" el="151" ec="2" bec="0"
                                               bev="0" fileid="1"/>
                                <SequencePoint vc="25" uspid="152" ordinal="1" sl="152" sc="1" el="152" ec="2" bec="0"
                                               bev="0" fileid="1"/>
                                <SequencePoint vc="25" uspid="153" ordinal="2" sl="153" sc="1" el="153" ec="2" bec="0"
                                               bev="0" fileid="1"/>
                                <SequencePoint vc="25" uspid="154" ordinal="3" sl="154" sc="1" el="154" ec="2" bec="0"
                                               bev="0" fileid="1"/>
                            </SequencePoints>
                            <BranchPoints/>
                            <MethodPoint xmlns:p8="xsi" vc="4" uspid="0" p8:type="SequencePoint" ordinal="7" offset="7" sc="0"
                                         sl="151" ec="1" el="154" bec="0" bev="0" fileid="1"/>
                        </Method>
                        <Method cyclomaticComplexity="1" nPathComplexity="0" sequenceCoverage="100" branchCoverage="100"
                                isConstructor="False" isGetter="False" isSetter="False" isStatic="True">
                            <Summary numSequencePoints="5" visitedSequencePoints="5" numBranchPoints="0"
                                     visitedBranchPoints="0" sequenceCoverage="100" branchCoverage="100"
                                     maxCyclomaticComplexity="1" minCyclomaticComplexity="1" visitedClasses="0"
                                     numClasses="0" visitedMethods="1" numMethods="1"/>
                            <MetadataToken/>
                            <Name>JobSeeker.Domain.Application
                                JobSeeker.Domain.Application/ApplicationBuilder::Build()
                            </Name>
                            <FileRef uid="1"/>
                            <SequencePoints>
                                <SequencePoint vc="25" uspid="157" ordinal="0" sl="157" sc="1" el="157" ec="2" bec="0"
                                               bev="0" fileid="1"/>
                                <SequencePoint vc="25" uspid="158" ordinal="1" sl="158" sc="1" el="158" ec="2" bec="0"
                                               bev="0" fileid="1"/>
                                <SequencePoint vc="24" uspid="159" ordinal="2" sl="159" sc="1" el="159" ec="2" bec="0"
                                               bev="0" fileid="1"/>
                                <SequencePoint vc="23" uspid="160" ordinal="3" sl="160" sc="1" el="160" ec="2" bec="0"
                                               bev="0" fileid="1"/>
                                <SequencePoint vc="23" uspid="161" ordinal="4" sl="161" sc="1" el="161" ec="2" bec="0"
                                               bev="0" fileid="1"/>
                            </SequencePoints>
                            <BranchPoints/>
                            <MethodPoint xmlns:p8="xsi" vc="5" uspid="0" p8:type="SequencePoint" ordinal="8" offset="8" sc="0"
                                         sl="157" ec="1" el="161" bec="0" bev="0" fileid="1"/>
                        </Method>
                        <Method cyclomaticComplexity="2" nPathComplexity="0" sequenceCoverage="100" branchCoverage="100"
                                isConstructor="False" isGetter="False" isSetter="False" isStatic="True">
                            <Summary numSequencePoints="5" visitedSequencePoints="5" numBranchPoints="2"
                                     visitedBranchPoints="2" sequenceCoverage="100" branchCoverage="100"
                                     maxCyclomaticComplexity="2" minCyclomaticComplexity="2" visitedClasses="0"
                                     numClasses="0" visitedMethods="1" numMethods="1"/>
                            <MetadataToken/>
                            <Name>System.Void
                                JobSeeker.Domain.Application/ApplicationBuilder::AssertCompanyIsNotBlank(System.String)
                            </Name>
                            <FileRef uid="1"/>
                            <SequencePoints>
                                <SequencePoint vc="24" uspid="164" ordinal="0" sl="164" sc="1" el="164" ec="2" bec="0"
                                               bev="0" fileid="1"/>
                                <SequencePoint vc="24" uspid="165" ordinal="1" sl="165" sc="1" el="165" ec="2" bec="2"
                                               bev="2" fileid="1"/>
                                <SequencePoint vc="1" uspid="166" ordinal="2" sl="166" sc="1" el="166" ec="2" bec="0"
                                               bev="0" fileid="1"/>
                                <SequencePoint vc="1" uspid="167" ordinal="3" sl="167" sc="1" el="167" ec="2" bec="0"
                                               bev="0" fileid="1"/>
                                <SequencePoint vc="23" uspid="169" ordinal="4" sl="169" sc="1" el="169" ec="2" bec="0"
                                               bev="0" fileid="1"/>
                            </SequencePoints>
                            <BranchPoints>
                                <BranchPoint vc="1" uspid="165" ordinal="0" path="0" offset="9" offsetend="11" sl="165"
                                             fileid="1"/>
                                <BranchPoint vc="23" uspid="165" ordinal="1" path="1" offset="9" offsetend="23" sl="165"
                                             fileid="1"/>
                            </BranchPoints>
                            <MethodPoint xmlns:p8="xsi" vc="5" uspid="0" p8:type="SequencePoint" ordinal="9" offset="9" sc="0"
                                         sl="164" ec="1" el="169" bec="0" bev="0" fileid="1"/>
                        </Method>
                        <Method cyclomaticComplexity="2" nPathComplexity="0" sequenceCoverage="100" branchCoverage="100"
                                isConstructor="False" isGetter="False" isSetter="False" isStatic="True">
                            <Summary numSequencePoints="5" visitedSequencePoints="5" numBranchPoints="2"
                                     visitedBranchPoints="2" sequenceCoverage="100" branchCoverage="100"
                                     maxCyclomaticComplexity="2" minCyclomaticComplexity="2" visitedClasses="0"
                                     numClasses="0" visitedMethods="1" numMethods="1"/>
                            <MetadataToken/>
                            <Name>System.Void
                                JobSeeker.Domain.Application/ApplicationBuilder::AssertPositionIsNotBlank(System.String)
                            </Name>
                            <FileRef uid="1"/>
                            <SequencePoints>
                                <SequencePoint vc="25" uspid="172" ordinal="0" sl="172" sc="1" el="172" ec="2" bec="0"
                                               bev="0" fileid="1"/>
                                <SequencePoint vc="25" uspid="173" ordinal="1" sl="173" sc="1" el="173" ec="2" bec="2"
                                               bev="2" fileid="1"/>
                                <SequencePoint vc="1" uspid="174" ordinal="2" sl="174" sc="1" el="174" ec="2" bec="0"
                                               bev="0" fileid="1"/>
                                <SequencePoint vc="1" uspid="175" ordinal="3" sl="175" sc="1" el="175" ec="2" bec="0"
                                               bev="0" fileid="1"/>
                                <SequencePoint vc="24" uspid="177" ordinal="4" sl="177" sc="1" el="177" ec="2" bec="0"
                                               bev="0" fileid="1"/>
                            </SequencePoints>
                            <BranchPoints>
                                <BranchPoint vc="1" uspid="173" ordinal="0" path="0" offset="9" offsetend="11" sl="173"
                                             fileid="1"/>
                                <BranchPoint vc="24" uspid="173" ordinal="1" path="1" offset="9" offsetend="23" sl="173"
                                             fileid="1"/>
                            </BranchPoints>
                            <MethodPoint xmlns:p8="xsi" vc="5" uspid="0" p8:type="SequencePoint" ordinal="10" offset="10"
                                         sc="0" sl="172" ec="1" el="177" bec="0" bev="0" fileid="1"/>
                        </Method>
                        <Method cyclomaticComplexity="1" nPathComplexity="0" sequenceCoverage="100" branchCoverage="100"
                                isConstructor="True" isGetter="False" isSetter="False" isStatic="True">
                            <Summary numSequencePoints="3" visitedSequencePoints="3" numBranchPoints="0"
                                     visitedBranchPoints="0" sequenceCoverage="100" branchCoverage="100"
                                     maxCyclomaticComplexity="1" minCyclomaticComplexity="1" visitedClasses="0"
                                     numClasses="0" visitedMethods="1" numMethods="1"/>
                            <MetadataToken/>
                            <Name>System.Void JobSeeker.Domain.Application/ApplicationBuilder::.ctor()</Name>
                            <FileRef uid="1"/>
                            <SequencePoints>
                                <SequencePoint vc="25" uspid="123" ordinal="0" sl="123" sc="1" el="123" ec="2" bec="0"
                                               bev="0" fileid="1"/>
                                <SequencePoint vc="25" uspid="124" ordinal="1" sl="124" sc="1" el="124" ec="2" bec="0"
                                               bev="0" fileid="1"/>
                                <SequencePoint vc="25" uspid="125" ordinal="2" sl="125" sc="1" el="125" ec="2" bec="0"
                                               bev="0" fileid="1"/>
                            </SequencePoints>
                            <BranchPoints/>
                            <MethodPoint xmlns:p8="xsi" vc="3" uspid="0" p8:type="SequencePoint" ordinal="11" offset="11"
                                         sc="0" sl="123" ec="1" el="125" bec="0" bev="0" fileid="1"/>
                        </Method>
                    </Methods>
                </Class>
                <Class>
                    <Summary numSequencePoints="60" visitedSequencePoints="60" numBranchPoints="8"
                             visitedBranchPoints="8" sequenceCoverage="100" branchCoverage="100"
                             maxCyclomaticComplexity="2" minCyclomaticComplexity="1" visitedClasses="1" numClasses="1"
                             visitedMethods="14" numMethods="14"/>
                    <FullName>JobSeeker.Domain.Candidate</FullName>
                    <Methods>
                        <Method cyclomaticComplexity="1" nPathComplexity="0" sequenceCoverage="100" branchCoverage="100"
                                isConstructor="False" isGetter="False" isSetter="False" isStatic="True">
                            <Summary numSequencePoints="3" visitedSequencePoints="3" numBranchPoints="0"
                                     visitedBranchPoints="0" sequenceCoverage="100" branchCoverage="100"
                                     maxCyclomaticComplexity="1" minCyclomaticComplexity="1" visitedClasses="0"
                                     numClasses="0" visitedMethods="1" numMethods="1"/>
                            <MetadataToken/>
                            <Name>JobSeeker.Domain.Candidate JobSeeker.Domain.Candidate::With(JobSeeker.Domain.User)
                            </Name>
                            <FileRef uid="2"/>
                            <SequencePoints>
                                <SequencePoint vc="18" uspid="22" ordinal="0" sl="22" sc="1" el="22" ec="2" bec="0"
                                               bev="0" fileid="2"/>
                                <SequencePoint vc="18" uspid="23" ordinal="1" sl="23" sc="1" el="23" ec="2" bec="0"
                                               bev="0" fileid="2"/>
                                <SequencePoint vc="18" uspid="24" ordinal="2" sl="24" sc="1" el="24" ec="2" bec="0"
                                               bev="0" fileid="2"/>
                            </SequencePoints>
                            <BranchPoints/>
                            <MethodPoint xmlns:p8="xsi" vc="3" uspid="0" p8:type="SequencePoint" ordinal="0" offset="0" sc="0"
                                         sl="22" ec="1" el="24" bec="0" bev="0" fileid="2"/>
                        </Method>
                        <Method cyclomaticComplexity="1" nPathComplexity="0" sequenceCoverage="100" branchCoverage="100"
                                isConstructor="False" isGetter="False" isSetter="False" isStatic="True">
                            <Summary numSequencePoints="3" visitedSequencePoints="3" numBranchPoints="0"
                                     visitedBranchPoints="0" sequenceCoverage="100" branchCoverage="100"
                                     maxCyclomaticComplexity="1" minCyclomaticComplexity="1" visitedClasses="0"
                                     numClasses="0" visitedMethods="1" numMethods="1"/>
                            <MetadataToken/>
                            <Name>System.Boolean JobSeeker.Domain.Candidate::HasAppliedToJobs()</Name>
                            <FileRef uid="2"/>
                            <SequencePoints>
                                <SequencePoint vc="3" uspid="27" ordinal="0" sl="27" sc="1" el="27" ec="2" bec="0"
                                               bev="0" fileid="2"/>
                                <SequencePoint vc="3" uspid="28" ordinal="1" sl="28" sc="1" el="28" ec="2" bec="0"
                                               bev="0" fileid="2"/>
                                <SequencePoint vc="3" uspid="29" ordinal="2" sl="29" sc="1" el="29" ec="2" bec="0"
                                               bev="0" fileid="2"/>
                            </SequencePoints>
                            <BranchPoints/>
                            <MethodPoint xmlns:p8="xsi" vc="3" uspid="0" p8:type="SequencePoint" ordinal="1" offset="1" sc="0"
                                         sl="27" ec="1" el="29" bec="0" bev="0" fileid="2"/>
                        </Method>
                        <Method cyclomaticComplexity="1" nPathComplexity="0" sequenceCoverage="100" branchCoverage="100"
                                isConstructor="False" isGetter="False" isSetter="False" isStatic="True">
                            <Summary numSequencePoints="4" visitedSequencePoints="4" numBranchPoints="0"
                                     visitedBranchPoints="0" sequenceCoverage="100" branchCoverage="100"
                                     maxCyclomaticComplexity="1" minCyclomaticComplexity="1" visitedClasses="0"
                                     numClasses="0" visitedMethods="1" numMethods="1"/>
                            <MetadataToken/>
                            <Name>System.Void
                                JobSeeker.Domain.Candidate::ApplyToJob(System.String,System.String,System.String)
                            </Name>
                            <FileRef uid="2"/>
                            <SequencePoints>
                                <SequencePoint vc="14" uspid="32" ordinal="0" sl="32" sc="1" el="32" ec="2" bec="0"
                                               bev="0" fileid="2"/>
                                <SequencePoint vc="14" uspid="33" ordinal="1" sl="33" sc="1" el="33" ec="2" bec="0"
                                               bev="0" fileid="2"/>
                                <SequencePoint vc="13" uspid="34" ordinal="2" sl="34" sc="1" el="34" ec="2" bec="0"
                                               bev="0" fileid="2"/>
                                <SequencePoint vc="13" uspid="35" ordinal="3" sl="35" sc="1" el="35" ec="2" bec="0"
                                               bev="0" fileid="2"/>
                            </SequencePoints>
                            <BranchPoints/>
                            <MethodPoint xmlns:p8="xsi" vc="4" uspid="0" p8:type="SequencePoint" ordinal="2" offset="2" sc="0"
                                         sl="32" ec="1" el="35" bec="0" bev="0" fileid="2"/>
                        </Method>
                        <Method cyclomaticComplexity="1" nPathComplexity="0" sequenceCoverage="100" branchCoverage="100"
                                isConstructor="False" isGetter="False" isSetter="False" isStatic="True">
                            <Summary numSequencePoints="11" visitedSequencePoints="11" numBranchPoints="0"
                                     visitedBranchPoints="0" sequenceCoverage="100" branchCoverage="100"
                                     maxCyclomaticComplexity="1" minCyclomaticComplexity="1" visitedClasses="0"
                                     numClasses="0" visitedMethods="1" numMethods="1"/>
                            <MetadataToken/>
                            <Name>System.Void
                                JobSeeker.Domain.Candidate::AddPositionToCompany(System.String,System.String,System.String)
                            </Name>
                            <FileRef uid="2"/>
                            <SequencePoints>
                                <SequencePoint vc="13" uspid="38" ordinal="0" sl="38" sc="1" el="38" ec="2" bec="0"
                                               bev="0" fileid="2"/>
                                <SequencePoint vc="13" uspid="39" ordinal="1" sl="39" sc="1" el="39" ec="2" bec="0"
                                               bev="0" fileid="2"/>
                                <SequencePoint vc="13" uspid="40" ordinal="2" sl="40" sc="1" el="40" ec="2" bec="0"
                                               bev="0" fileid="2"/>
                                <SequencePoint vc="13" uspid="41" ordinal="3" sl="41" sc="1" el="41" ec="2" bec="0"
                                               bev="0" fileid="2"/>
                                <SequencePoint vc="13" uspid="42" ordinal="4" sl="42" sc="1" el="42" ec="2" bec="0"
                                               bev="0" fileid="2"/>
                                <SequencePoint vc="13" uspid="43" ordinal="5" sl="43" sc="1" el="43" ec="2" bec="0"
                                               bev="0" fileid="2"/>
                                <SequencePoint vc="13" uspid="44" ordinal="6" sl="44" sc="1" el="44" ec="2" bec="0"
                                               bev="0" fileid="2"/>
                                <SequencePoint vc="13" uspid="45" ordinal="7" sl="45" sc="1" el="45" ec="2" bec="0"
                                               bev="0" fileid="2"/>
                                <SequencePoint vc="13" uspid="46" ordinal="8" sl="46" sc="1" el="46" ec="2" bec="0"
                                               bev="0" fileid="2"/>
                                <SequencePoint vc="13" uspid="47" ordinal="9" sl="47" sc="1" el="47" ec="2" bec="0"
                                               bev="0" fileid="2"/>
                                <SequencePoint vc="13" uspid="48" ordinal="10" sl="48" sc="1" el="48" ec="2" bec="0"
                                               bev="0" fileid="2"/>
                            </SequencePoints>
                            <BranchPoints/>
                            <MethodPoint xmlns:p8="xsi" vc="11" uspid="0" p8:type="SequencePoint" ordinal="3" offset="3" sc="0"
                                         sl="38" ec="1" el="48" bec="0" bev="0" fileid="2"/>
                        </Method>
                        <Method cyclomaticComplexity="2" nPathComplexity="0" sequenceCoverage="100" branchCoverage="100"
                                isConstructor="False" isGetter="False" isSetter="False" isStatic="True">
                            <Summary numSequencePoints="4" visitedSequencePoints="4" numBranchPoints="2"
                                     visitedBranchPoints="2" sequenceCoverage="100" branchCoverage="100"
                                     maxCyclomaticComplexity="2" minCyclomaticComplexity="2" visitedClasses="0"
                                     numClasses="0" visitedMethods="1" numMethods="1"/>
                            <MetadataToken/>
                            <Name>System.Boolean
                                JobSeeker.Domain.Candidate::HasAppliedToJob(System.String,System.String)
                            </Name>
                            <FileRef uid="2"/>
                            <SequencePoints>
                                <SequencePoint vc="29" uspid="51" ordinal="0" sl="51" sc="1" el="51" ec="2" bec="0"
                                               bev="0" fileid="2"/>
                                <SequencePoint vc="29" uspid="52" ordinal="1" sl="52" sc="1" el="52" ec="2" bec="0"
                                               bev="0" fileid="2"/>
                                <SequencePoint vc="29" uspid="53" ordinal="2" sl="53" sc="1" el="53" ec="2" bec="2"
                                               bev="2" fileid="2"/>
                                <SequencePoint vc="29" uspid="54" ordinal="3" sl="54" sc="1" el="54" ec="2" bec="0"
                                               bev="0" fileid="2"/>
                            </SequencePoints>
                            <BranchPoints>
                                <BranchPoint vc="15" uspid="53" ordinal="0" path="0" offset="17" offsetend="19" sl="53"
                                             fileid="2"/>
                                <BranchPoint vc="14" uspid="53" ordinal="1" path="1" offset="17" offsetend="28" sl="53"
                                             fileid="2"/>
                            </BranchPoints>
                            <MethodPoint xmlns:p8="xsi" vc="4" uspid="0" p8:type="SequencePoint" ordinal="4" offset="4" sc="0"
                                         sl="51" ec="1" el="54" bec="0" bev="0" fileid="2"/>
                        </Method>
                        <Method cyclomaticComplexity="1" nPathComplexity="0" sequenceCoverage="100" branchCoverage="100"
                                isConstructor="False" isGetter="False" isSetter="False" isStatic="True">
                            <Summary numSequencePoints="3" visitedSequencePoints="3" numBranchPoints="0"
                                     visitedBranchPoints="0" sequenceCoverage="100" branchCoverage="100"
                                     maxCyclomaticComplexity="1" minCyclomaticComplexity="1" visitedClasses="0"
                                     numClasses="0" visitedMethods="1" numMethods="1"/>
                            <MetadataToken/>
                            <Name>System.Boolean
                                JobSeeker.Domain.Candidate::ApplicationsForCompanyContainsPosition(System.String,System.Collections.Generic.HashSet`1&lt;JobSeeker.Domain.Application&gt;)
                            </Name>
                            <FileRef uid="2"/>
                            <SequencePoints>
                                <SequencePoint vc="15" uspid="57" ordinal="0" sl="57" sc="1" el="57" ec="2" bec="0"
                                               bev="0" fileid="2"/>
                                <SequencePoint vc="32" uspid="58" ordinal="1" sl="58" sc="1" el="58" ec="2" bec="0"
                                               bev="0" fileid="2"/>
                                <SequencePoint vc="15" uspid="59" ordinal="2" sl="59" sc="1" el="59" ec="2" bec="0"
                                               bev="0" fileid="2"/>
                            </SequencePoints>
                            <BranchPoints/>
                            <MethodPoint xmlns:p8="xsi" vc="3" uspid="0" p8:type="SequencePoint" ordinal="5" offset="5" sc="0"
                                         sl="57" ec="1" el="59" bec="0" bev="0" fileid="2"/>
                        </Method>
                        <Method cyclomaticComplexity="2" nPathComplexity="0" sequenceCoverage="100" branchCoverage="100"
                                isConstructor="False" isGetter="False" isSetter="False" isStatic="True">
                            <Summary numSequencePoints="5" visitedSequencePoints="5" numBranchPoints="2"
                                     visitedBranchPoints="2" sequenceCoverage="100" branchCoverage="100"
                                     maxCyclomaticComplexity="2" minCyclomaticComplexity="2" visitedClasses="0"
                                     numClasses="0" visitedMethods="1" numMethods="1"/>
                            <MetadataToken/>
                            <Name>System.Void
                                JobSeeker.Domain.Candidate::AssertHasNotAlreadyAppliedTo(System.String,System.String)
                            </Name>
                            <FileRef uid="2"/>
                            <SequencePoints>
                                <SequencePoint vc="14" uspid="62" ordinal="0" sl="62" sc="1" el="62" ec="2" bec="0"
                                               bev="0" fileid="2"/>
                                <SequencePoint vc="14" uspid="63" ordinal="1" sl="63" sc="1" el="63" ec="2" bec="2"
                                               bev="2" fileid="2"/>
                                <SequencePoint vc="1" uspid="64" ordinal="2" sl="64" sc="1" el="64" ec="2" bec="0"
                                               bev="0" fileid="2"/>
                                <SequencePoint vc="1" uspid="65" ordinal="3" sl="65" sc="1" el="65" ec="2" bec="0"
                                               bev="0" fileid="2"/>
                                <SequencePoint vc="13" uspid="67" ordinal="4" sl="67" sc="1" el="67" ec="2" bec="0"
                                               bev="0" fileid="2"/>
                            </SequencePoints>
                            <BranchPoints>
                                <BranchPoint vc="1" uspid="63" ordinal="0" path="0" offset="11" offsetend="13" sl="63"
                                             fileid="2"/>
                                <BranchPoint vc="13" uspid="63" ordinal="1" path="1" offset="11" offsetend="25" sl="63"
                                             fileid="2"/>
                            </BranchPoints>
                            <MethodPoint xmlns:p8="xsi" vc="5" uspid="0" p8:type="SequencePoint" ordinal="6" offset="6" sc="0"
                                         sl="62" ec="1" el="67" bec="0" bev="0" fileid="2"/>
                        </Method>
                        <Method cyclomaticComplexity="1" nPathComplexity="0" sequenceCoverage="100" branchCoverage="100"
                                isConstructor="False" isGetter="False" isSetter="False" isStatic="True">
                            <Summary numSequencePoints="3" visitedSequencePoints="3" numBranchPoints="0"
                                     visitedBranchPoints="0" sequenceCoverage="100" branchCoverage="100"
                                     maxCyclomaticComplexity="1" minCyclomaticComplexity="1" visitedClasses="0"
                                     numClasses="0" visitedMethods="1" numMethods="1"/>
                            <MetadataToken/>
                            <Name>System.Int32 JobSeeker.Domain.Candidate::NumberOfApplications()</Name>
                            <FileRef uid="2"/>
                            <SequencePoints>
[...]
                                               bev="0" fileid="5"/>
                            </SequencePoints>
                            <BranchPoints/>
                            <MethodPoint xmlns:p8="xsi" vc="3" uspid="0" p8:type="SequencePoint" ordinal="1" offset="1" sc="0"
                                         sl="13" ec="1" el="15" bec="0" bev="0" fileid="5"/>
                        </Method>
                        <Method cyclomaticComplexity="1" nPathComplexity="0" sequenceCoverage="0" branchCoverage="100"
                                isConstructor="True" isGetter="False" isSetter="False" isStatic="True">
                            <Summary numSequencePoints="3" visitedSequencePoints="0" numBranchPoints="0"
                                     visitedBranchPoints="0" sequenceCoverage="0" branchCoverage="100"
                                     maxCyclomaticComplexity="1" minCyclomaticComplexity="1" visitedClasses="0"
                                     numClasses="0" visitedMethods="0" numMethods="1"/>
                            <MetadataToken/>
                            <Name>System.Void
                                JobSeeker.Domain.HumanResourcesAgencyException::.ctor(System.String,System.Exception)
                            </Name>
                            <FileRef uid="5"/>
                            <SequencePoints>
                                <SequencePoint vc="0" uspid="17" ordinal="0" sl="17" sc="1" el="17" ec="2" bec="0"
                                               bev="0" fileid="5"/>
                                <SequencePoint vc="0" uspid="18" ordinal="1" sl="18" sc="1" el="18" ec="2" bec="0"
                                               bev="0" fileid="5"/>
                                <SequencePoint vc="0" uspid="19" ordinal="2" sl="19" sc="1" el="19" ec="2" bec="0"
                                               bev="0" fileid="5"/>
                            </SequencePoints>
                            <BranchPoints/>
                            <MethodPoint xmlns:p8="xsi" vc="0" uspid="0" p8:type="SequencePoint" ordinal="2" offset="2" sc="0"
                                         sl="17" ec="1" el="19" bec="0" bev="0" fileid="5"/>
                        </Method>
                    </Methods>
                </Class>
                <Class>
                    <Summary numSequencePoints="9" visitedSequencePoints="3" numBranchPoints="0" visitedBranchPoints="0"
                             sequenceCoverage="33.33" branchCoverage="100" maxCyclomaticComplexity="1"
                             minCyclomaticComplexity="1" visitedClasses="1" numClasses="1" visitedMethods="1"
                             numMethods="3"/>
                    <FullName>JobSeeker.Domain.JobApplicationException</FullName>
                    <Methods>
                        <Method cyclomaticComplexity="1" nPathComplexity="0" sequenceCoverage="0" branchCoverage="100"
                                isConstructor="True" isGetter="False" isSetter="False" isStatic="True">
                            <Summary numSequencePoints="3" visitedSequencePoints="0" numBranchPoints="0"
                                     visitedBranchPoints="0" sequenceCoverage="0" branchCoverage="100"
                                     maxCyclomaticComplexity="1" minCyclomaticComplexity="1" visitedClasses="0"
                                     numClasses="0" visitedMethods="0" numMethods="1"/>
                            <MetadataToken/>
                            <Name>System.Void
                                JobSeeker.Domain.JobApplicationException::.ctor(System.Runtime.Serialization.SerializationInfo,System.Runtime.Serialization.StreamingContext)
                            </Name>
                            <FileRef uid="6"/>
                            <SequencePoints>
                                <SequencePoint vc="0" uspid="9" ordinal="0" sl="9" sc="1" el="9" ec="2" bec="0" bev="0"
                                               fileid="6"/>
                                <SequencePoint vc="0" uspid="10" ordinal="1" sl="10" sc="1" el="10" ec="2" bec="0"
                                               bev="0" fileid="6"/>
                                <SequencePoint vc="0" uspid="11" ordinal="2" sl="11" sc="1" el="11" ec="2" bec="0"
                                               bev="0" fileid="6"/>
                            </SequencePoints>
                            <BranchPoints/>
                            <MethodPoint xmlns:p8="xsi" vc="0" uspid="0" p8:type="SequencePoint" ordinal="0" offset="0" sc="0"
                                         sl="9" ec="1" el="11" bec="0" bev="0" fileid="6"/>
                        </Method>
                        <Method cyclomaticComplexity="1" nPathComplexity="0" sequenceCoverage="100" branchCoverage="100"
                                isConstructor="True" isGetter="False" isSetter="False" isStatic="True">
                            <Summary numSequencePoints="3" visitedSequencePoints="3" numBranchPoints="0"
                                     visitedBranchPoints="0" sequenceCoverage="100" branchCoverage="100"
                                     maxCyclomaticComplexity="1" minCyclomaticComplexity="1" visitedClasses="0"
                                     numClasses="0" visitedMethods="1" numMethods="1"/>
                            <MetadataToken/>
                            <Name>System.Void JobSeeker.Domain.JobApplicationException::.ctor(System.String)</Name>
                            <FileRef uid="6"/>
                            <SequencePoints>
                                <SequencePoint vc="4" uspid="13" ordinal="0" sl="13" sc="1" el="13" ec="2" bec="0"
                                               bev="0" fileid="6"/>
                                <SequencePoint vc="4" uspid="14" ordinal="1" sl="14" sc="1" el="14" ec="2" bec="0"
                                               bev="0" fileid="6"/>
                                <SequencePoint vc="4" uspid="15" ordinal="2" sl="15" sc="1" el="15" ec="2" bec="0"
                                               bev="0" fileid="6"/>
                            </SequencePoints>
                            <BranchPoints/>
                            <MethodPoint xmlns:p8="xsi" vc="3" uspid="0" p8:type="SequencePoint" ordinal="1" offset="1" sc="0"
                                         sl="13" ec="1" el="15" bec="0" bev="0" fileid="6"/>
                        </Method>
                        <Method cyclomaticComplexity="1" nPathComplexity="0" sequenceCoverage="0" branchCoverage="100"
                                isConstructor="True" isGetter="False" isSetter="False" isStatic="True">
                            <Summary numSequencePoints="3" visitedSequencePoints="0" numBranchPoints="0"
                                     visitedBranchPoints="0" sequenceCoverage="0" branchCoverage="100"
                                     maxCyclomaticComplexity="1" minCyclomaticComplexity="1" visitedClasses="0"
                                     numClasses="0" visitedMethods="0" numMethods="1"/>
                            <MetadataToken/>
                            <Name>System.Void
                                JobSeeker.Domain.JobApplicationException::.ctor(System.String,System.Exception)
                            </Name>
                            <FileRef uid="6"/>
                            <SequencePoints>
                                <SequencePoint vc="0" uspid="17" ordinal="0" sl="17" sc="1" el="17" ec="2" bec="0"
                                               bev="0" fileid="6"/>
                                <SequencePoint vc="0" uspid="18" ordinal="1" sl="18" sc="1" el="18" ec="2" bec="0"
                                               bev="0" fileid="6"/>
                                <SequencePoint vc="0" uspid="19" ordinal="2" sl="19" sc="1" el="19" ec="2" bec="0"
                                               bev="0" fileid="6"/>
                            </SequencePoints>
                            <BranchPoints/>
                            <MethodPoint xmlns:p8="xsi" vc="0" uspid="0" p8:type="SequencePoint" ordinal="2" offset="2" sc="0"
                                         sl="17" ec="1" el="19" bec="0" bev="0" fileid="6"/>
                        </Method>
                    </Methods>
                </Class>
                <Class>
                    <Summary numSequencePoints="23" visitedSequencePoints="23" numBranchPoints="2"
                             visitedBranchPoints="2" sequenceCoverage="100" branchCoverage="100"
                             maxCyclomaticComplexity="2" minCyclomaticComplexity="1" visitedClasses="1" numClasses="1"
                             visitedMethods="5" numMethods="5"/>
                    <FullName>JobSeeker.Domain.User</FullName>
                    <Methods>
                        <Method cyclomaticComplexity="1" nPathComplexity="0" sequenceCoverage="100" branchCoverage="100"
                                isConstructor="False" isGetter="False" isSetter="False" isStatic="True">
                            <Summary numSequencePoints="6" visitedSequencePoints="6" numBranchPoints="0"
                                     visitedBranchPoints="0" sequenceCoverage="100" branchCoverage="100"
                                     maxCyclomaticComplexity="1" minCyclomaticComplexity="1" visitedClasses="0"
                                     numClasses="0" visitedMethods="1" numMethods="1"/>
                            <MetadataToken/>
                            <Name>JobSeeker.Domain.User
                                JobSeeker.Domain.User::Named(System.String,System.String,System.String)
                            </Name>
                            <FileRef uid="7"/>
                            <SequencePoints>
                                <SequencePoint vc="26" uspid="21" ordinal="0" sl="21" sc="1" el="21" ec="2" bec="0"
                                               bev="0" fileid="7"/>
                                <SequencePoint vc="26" uspid="22" ordinal="1" sl="22" sc="1" el="22" ec="2" bec="0"
                                               bev="0" fileid="7"/>
                                <SequencePoint vc="25" uspid="23" ordinal="2" sl="23" sc="1" el="23" ec="2" bec="0"
                                               bev="0" fileid="7"/>
                                <SequencePoint vc="24" uspid="24" ordinal="3" sl="24" sc="1" el="24" ec="2" bec="0"
                                               bev="0" fileid="7"/>
                                <SequencePoint vc="23" uspid="25" ordinal="4" sl="25" sc="1" el="25" ec="2" bec="0"
                                               bev="0" fileid="7"/>
                                <SequencePoint vc="23" uspid="26" ordinal="5" sl="26" sc="1" el="26" ec="2" bec="0"
                                               bev="0" fileid="7"/>
                            </SequencePoints>
                            <BranchPoints/>
                            <MethodPoint xmlns:p8="xsi" vc="6" uspid="0" p8:type="SequencePoint" ordinal="0" offset="0" sc="0"
                                         sl="21" ec="1" el="26" bec="0" bev="0" fileid="7"/>
                        </Method>
                        <Method cyclomaticComplexity="2" nPathComplexity="0" sequenceCoverage="100" branchCoverage="100"
                                isConstructor="False" isGetter="False" isSetter="False" isStatic="True">
                            <Summary numSequencePoints="5" visitedSequencePoints="5" numBranchPoints="2"
                                     visitedBranchPoints="2" sequenceCoverage="100" branchCoverage="100"
                                     maxCyclomaticComplexity="2" minCyclomaticComplexity="2" visitedClasses="0"
                                     numClasses="0" visitedMethods="1" numMethods="1"/>
                            <MetadataToken/>
                            <Name>System.Void JobSeeker.Domain.User::AssertIsNotBlank(System.String,System.String)
                            </Name>
                            <FileRef uid="7"/>
                            <SequencePoints>
                                <SequencePoint vc="75" uspid="29" ordinal="0" sl="29" sc="1" el="29" ec="2" bec="0"
                                               bev="0" fileid="7"/>
                                <SequencePoint vc="75" uspid="30" ordinal="1" sl="30" sc="1" el="30" ec="2" bec="2"
                                               bev="2" fileid="7"/>
                                <SequencePoint vc="3" uspid="31" ordinal="2" sl="31" sc="1" el="31" ec="2" bec="0"
                                               bev="0" fileid="7"/>
                                <SequencePoint vc="3" uspid="32" ordinal="3" sl="32" sc="1" el="32" ec="2" bec="0"
                                               bev="0" fileid="7"/>
                                <SequencePoint vc="72" uspid="34" ordinal="4" sl="34" sc="1" el="34" ec="2" bec="0"
                                               bev="0" fileid="7"/>
                            </SequencePoints>
                            <BranchPoints>
                                <BranchPoint vc="3" uspid="30" ordinal="0" path="0" offset="9" offsetend="11" sl="30"
                                             fileid="7"/>
                                <BranchPoint vc="72" uspid="30" ordinal="1" path="1" offset="9" offsetend="19" sl="30"
                                             fileid="7"/>
                            </BranchPoints>
                            <MethodPoint xmlns:p8="xsi" vc="5" uspid="0" p8:type="SequencePoint" ordinal="1" offset="1" sc="0"
                                         sl="29" ec="1" el="34" bec="0" bev="0" fileid="7"/>
                        </Method>
                        <Method cyclomaticComplexity="1" nPathComplexity="0" sequenceCoverage="100" branchCoverage="100"
                                isConstructor="False" isGetter="False" isSetter="False" isStatic="True">
                            <Summary numSequencePoints="3" visitedSequencePoints="3" numBranchPoints="0"
                                     visitedBranchPoints="0" sequenceCoverage="100" branchCoverage="100"
                                     maxCyclomaticComplexity="1" minCyclomaticComplexity="1" visitedClasses="0"
                                     numClasses="0" visitedMethods="1" numMethods="1"/>
                            <MetadataToken/>
                            <Name>System.Boolean JobSeeker.Domain.User::IsNamed(System.String)</Name>
                            <FileRef uid="7"/>
                            <SequencePoints>
                                <SequencePoint vc="2" uspid="38" ordinal="0" sl="38" sc="1" el="38" ec="2" bec="0"
                                               bev="0" fileid="7"/>
                                <SequencePoint vc="2" uspid="39" ordinal="1" sl="39" sc="1" el="39" ec="2" bec="0"
                                               bev="0" fileid="7"/>
                                <SequencePoint vc="2" uspid="40" ordinal="2" sl="40" sc="1" el="40" ec="2" bec="0"
                                               bev="0" fileid="7"/>
                            </SequencePoints>
                            <BranchPoints/>
                            <MethodPoint xmlns:p8="xsi" vc="3" uspid="0" p8:type="SequencePoint" ordinal="2" offset="2" sc="0"
                                         sl="38" ec="1" el="40" bec="0" bev="0" fileid="7"/>
                        </Method>
                        <Method cyclomaticComplexity="1" nPathComplexity="0" sequenceCoverage="100" branchCoverage="100"
                                isConstructor="False" isGetter="False" isSetter="False" isStatic="True">
                            <Summary numSequencePoints="3" visitedSequencePoints="3" numBranchPoints="0"
                                     visitedBranchPoints="0" sequenceCoverage="100" branchCoverage="100"
                                     maxCyclomaticComplexity="1" minCyclomaticComplexity="1" visitedClasses="0"
                                     numClasses="0" visitedMethods="1" numMethods="1"/>
                            <MetadataToken/>
                            <Name>System.Boolean JobSeeker.Domain.User::HasUserName(System.String)</Name>
                            <FileRef uid="7"/>
                            <SequencePoints>
                                <SequencePoint vc="43" uspid="43" ordinal="0" sl="43" sc="1" el="43" ec="2" bec="0"
                                               bev="0" fileid="7"/>
                                <SequencePoint vc="43" uspid="44" ordinal="1" sl="44" sc="1" el="44" ec="2" bec="0"
                                               bev="0" fileid="7"/>
                                <SequencePoint vc="43" uspid="45" ordinal="2" sl="45" sc="1" el="45" ec="2" bec="0"
                                               bev="0" fileid="7"/>
                            </SequencePoints>
                            <BranchPoints/>
                            <MethodPoint xmlns:p8="xsi" vc="3" uspid="0" p8:type="SequencePoint" ordinal="3" offset="3" sc="0"
                                         sl="43" ec="1" el="45" bec="0" bev="0" fileid="7"/>
                        </Method>
                        <Method cyclomaticComplexity="1" nPathComplexity="0" sequenceCoverage="100" branchCoverage="100"
                                isConstructor="True" isGetter="False" isSetter="False" isStatic="True">
                            <Summary numSequencePoints="6" visitedSequencePoints="6" numBranchPoints="0"
                                     visitedBranchPoints="0" sequenceCoverage="100" branchCoverage="100"
                                     maxCyclomaticComplexity="1" minCyclomaticComplexity="1" visitedClasses="0"
                                     numClasses="0" visitedMethods="1" numMethods="1"/>
                            <MetadataToken/>
                            <Name>System.Void JobSeeker.Domain.User::.ctor(System.String,System.String,System.String)
                            </Name>
                            <FileRef uid="7"/>
                            <SequencePoints>
                                <SequencePoint vc="23" uspid="9" ordinal="0" sl="9" sc="1" el="9" ec="2" bec="0" bev="0"
                                               fileid="7"/>
                                <SequencePoint vc="23" uspid="10" ordinal="1" sl="10" sc="1" el="10" ec="2" bec="0"
                                               bev="0" fileid="7"/>
                                <SequencePoint vc="23" uspid="11" ordinal="2" sl="11" sc="1" el="11" ec="2" bec="0"
                                               bev="0" fileid="7"/>
                                <SequencePoint vc="23" uspid="12" ordinal="3" sl="12" sc="1" el="12" ec="2" bec="0"
                                               bev="0" fileid="7"/>
                                <SequencePoint vc="23" uspid="13" ordinal="4" sl="13" sc="1" el="13" ec="2" bec="0"
                                               bev="0" fileid="7"/>
                                <SequencePoint vc="23" uspid="14" ordinal="5" sl="14" sc="1" el="14" ec="2" bec="0"
                                               bev="0" fileid="7"/>
                            </SequencePoints>
                            <BranchPoints/>
                            <MethodPoint xmlns:p8="xsi" vc="6" uspid="0" p8:type="SequencePoint" ordinal="4" offset="4" sc="0"
                                         sl="9" ec="1" el="14" bec="0" bev="0" fileid="7"/>
                        </Method>
                    </Methods>
                </Class>
            </Classes>
        </Module>
    </Modules>
</CoverageSession>